<?xml version="1.0" encoding="UTF-8"?>
<testng-results skipped="0" failed="0" ignored="0" total="1" passed="1">
  <reporter-output>
  </reporter-output>
  <suite name="Default suite" duration-ms="3943" started-at="2022-03-10T12:58:22 IST" finished-at="2022-03-10T12:58:26 IST">
    <groups>
    </groups>
    <test name="Default test" duration-ms="3943" started-at="2022-03-10T12:58:22 IST" finished-at="2022-03-10T12:58:26 IST">
      <class name="com.sample.CommonMethods">
        <test-method status="PASS" signature="startReport(org.testng.ITestContext)[pri:0, instance:com.sample.CommonMethods@687080dc]" name="startReport" is-config="true" duration-ms="66" started-at="2022-03-10T12:58:22 IST" finished-at="2022-03-10T12:58:22 IST">
          <params>
            <param index="0">
              <value>
                <![CDATA[org.testng.TestRunner@180da663]]>
              </value>
            </param>
          </params>
          <reporter-output>
          </reporter-output>
        </test-method> <!-- startReport -->
        <test-method status="PASS" signature="launchApplication()[pri:0, instance:com.sample.CommonMethods@687080dc]" name="launchApplication" duration-ms="3931" started-at="2022-03-10T12:58:22 IST" finished-at="2022-03-10T12:58:26 IST">
          <reporter-output>
          </reporter-output>
        </test-method> <!-- launchApplication -->
        <test-method status="PASS" signature="beforeMethod(java.lang.reflect.Method)[pri:0, instance:com.sample.CommonMethods@687080dc]" name="beforeMethod" is-config="true" duration-ms="0" started-at="2022-03-10T12:58:22 IST" finished-at="2022-03-10T12:58:22 IST">
          <params>
            <param index="0">
              <value>
                <![CDATA[public void com.sample.CommonMethods.launchApplication() throws java.io.IOException]]>
              </value>
            </param>
          </params>
          <reporter-output>
          </reporter-output>
        </test-method> <!-- beforeMethod -->
        <test-method status="PASS" signature="getResult(org.testng.ITestResult)[pri:0, instance:com.sample.CommonMethods@687080dc]" name="getResult" is-config="true" duration-ms="0" started-at="2022-03-10T12:58:26 IST" finished-at="2022-03-10T12:58:26 IST">
          <params>
            <param index="0">
              <value>
                <![CDATA[[TestResult name=launchApplication status=SUCCESS method=CommonMethods.launchApplication()[pri:0, instance:com.sample.CommonMethods@687080dc] output={null}]]]>
              </value>
            </param>
          </params>
          <reporter-output>
          </reporter-output>
        </test-method> <!-- getResult -->
        <test-method status="PASS" signature="afterSuite()[pri:0, instance:com.sample.CommonMethods@687080dc]" name="afterSuite" is-config="true" duration-ms="0" started-at="2022-03-10T12:58:26 IST" finished-at="2022-03-10T12:58:26 IST">
          <reporter-output>
          </reporter-output>
        </test-method> <!-- afterSuite -->
        <test-method status="PASS" signature="tearDown()[pri:0, instance:com.sample.CommonMethods@687080dc]" name="tearDown" is-config="true" duration-ms="188" started-at="2022-03-10T12:58:26 IST" finished-at="2022-03-10T12:58:26 IST">
          <reporter-output>
          </reporter-output>
        </test-method> <!-- tearDown -->
      </class> <!-- com.sample.CommonMethods -->
    </test> <!-- Default test -->
  </suite> <!-- Default suite -->
</testng-results>
