<?xml version="1.0" encoding="UTF-8"?>
<!-- Generated by org.testng.reporters.JUnitXMLReporter -->
<testsuite hostname="DurgaBhavani" ignored="0" name="Sample" tests="2" failures="0" timestamp="2022-03-02T19:52:44 IST" time="0.482" errors="0">
  <testcase name="validateInput" time="0.006" classname="SamplePhoton.PhotonMavenProject.FizzBuzz"/>
  <testcase name="ValidateAPIResponseAndPrintOutputJSON" time="0.447" classname="SamplePhoton.PhotonMavenProject.RestAPIFizzBUzz"/>
</testsuite> <!-- Sample -->
