<?xml version="1.0" encoding="UTF-8"?>
<!-- Generated by org.testng.reporters.JUnitXMLReporter -->
<testsuite hostname="DurgaBhavani" ignored="0" name="Sample" tests="2" failures="0" timestamp="2022-03-02T19:56:35 IST" time="0.481" errors="0">
  <testcase name="validateInput" time="0.007" classname="SamplePhoton.PhotonMavenProject.FizzBuzz"/>
  <testcase name="ValidateAPIResponseAndPrintOutputJSON" time="0.438" classname="SamplePhoton.PhotonMavenProject.RestAPIFizzBUzz"/>
</testsuite> <!-- Sample -->
