<?xml version="1.0" encoding="UTF-8"?>
<!-- Generated by org.testng.reporters.JUnitXMLReporter -->
<testsuite hostname="DurgaBhavani" ignored="0" name="Sample" tests="1" failures="1" timestamp="2022-03-10T12:37:19 IST" time="3.94" errors="0">
  <testcase name="launchApplication" time="3.924" classname="com.sample.CommonMethods">
    <failure type="java.lang.IllegalArgumentException" message="Parameter &amp;apos;srcDir&amp;apos; is not a directory: &amp;apos;image.jpg&amp;apos;">
      <![CDATA[java.lang.IllegalArgumentException: Parameter 'srcDir' is not a directory: 'image.jpg'
at org.apache.commons.io.FileUtils.requireDirectory(FileUtils.java:2635)
at org.apache.commons.io.FileUtils.copyDirectory(FileUtils.java:682)
at org.apache.commons.io.FileUtils.copyDirectory(FileUtils.java:630)
at org.apache.commons.io.FileUtils.copyDirectory(FileUtils.java:531)
at org.apache.commons.io.FileUtils.copyDirectory(FileUtils.java:502)
at com.sample.BaseTest.getScreenshot(BaseTest.java:120)
at com.sample.BaseTest.logInfoWithIBScreenshot(BaseTest.java:180)
at com.sample.CommonMethods.launchApplication(CommonMethods.java:25)
at java.util.concurrent.ThreadPoolExecutor.runWorker(Unknown Source)
at java.util.concurrent.ThreadPoolExecutor$Worker.run(Unknown Source)
at java.lang.Thread.run(Unknown Source)
... Removed 12 stack frames]]>
    </failure>
  </testcase> <!-- launchApplication -->
</testsuite> <!-- Sample -->
